[17:49:17] [Server thread/INFO]: Starting minecraft server version 1.9.4
[17:49:17] [Server thread/INFO]: Loading properties
[17:49:17] [Server thread/INFO]: Default game type: CREATIVE
[17:49:17] [Server thread/INFO]: This server is running CraftBukkit version git-Spigot-798f32d-0cd0397 (MC: 1.9.4) (Implementing API version 1.9.4-R0.1-SNAPSHOT)
[17:49:17] [Server thread/INFO]: Debug logging is disabled
[17:49:17] [Server thread/INFO]: Server Ping Player Sample Count: 12
[17:49:17] [Server thread/INFO]: Using 4 threads for Netty based IO
[17:49:17] [Server thread/INFO]: Generating keypair
[17:49:18] [Server thread/INFO]: Starting Minecraft server on *:25565
[17:49:18] [Server thread/INFO]: Using default channel type
[17:49:19] [Server thread/INFO]: Set PluginClassLoader as parallel capable
[17:49:19] [Server thread/INFO]: [SetSpawn] Loading SetSpawn v2.1
[17:49:19] [Server thread/INFO]: [RaspberryJuice] Loading RaspberryJuice v1.7
[17:49:19] [Server thread/WARN]: **** SERVER IS RUNNING IN OFFLINE/INSECURE MODE!
[17:49:19] [Server thread/WARN]: The server will make no attempt to authenticate usernames. Beware.
[17:49:19] [Server thread/WARN]: While this makes the game possible to play without internet access, it also opens up the ability for hackers to connect with any username they choose.
[17:49:19] [Server thread/WARN]: To change this, set "online-mode" to "true" in the server.properties file.
[17:49:19] [Server thread/INFO]: **** Beginning UUID conversion, this may take A LONG time ****
[17:49:19] [Server thread/INFO]: Preparing level "world"
[17:49:19] [Server thread/INFO]: -------- World Settings For [world] --------
[17:49:19] [Server thread/INFO]: Arrow Despawn Rate: 1200
[17:49:19] [Server thread/INFO]: Item Merge Radius: 2.5
[17:49:19] [Server thread/INFO]: Item Despawn Rate: 6000
[17:49:19] [Server thread/INFO]: Allow Zombie Pigmen to spawn from portal blocks: true
[17:49:19] [Server thread/INFO]: Max Entity Collisions: 8
[17:49:19] [Server thread/INFO]: Custom Map Seeds:  Village: 10387312 Feature: 14357617
[17:49:19] [Server thread/INFO]: View Distance: 10
[17:49:19] [Server thread/INFO]: Experience Merge Radius: 3.0
[17:49:19] [Server thread/INFO]: Zombie Aggressive Towards Villager: true
[17:49:19] [Server thread/INFO]: Mob Spawn Range: 4
[17:49:19] [Server thread/INFO]: Cactus Growth Modifier: 100%
[17:49:19] [Server thread/INFO]: Cane Growth Modifier: 100%
[17:49:19] [Server thread/INFO]: Melon Growth Modifier: 100%
[17:49:19] [Server thread/INFO]: Mushroom Growth Modifier: 100%
[17:49:19] [Server thread/INFO]: Pumpkin Growth Modifier: 100%
[17:49:19] [Server thread/INFO]: Sapling Growth Modifier: 100%
[17:49:19] [Server thread/INFO]: Wheat Growth Modifier: 100%
[17:49:19] [Server thread/INFO]: NetherWart Growth Modifier: 100%
[17:49:19] [Server thread/INFO]: Entity Activation Range: An 32 / Mo 32 / Mi 16
[17:49:19] [Server thread/INFO]: Nerfing mobs spawned from spawners: false
[17:49:19] [Server thread/INFO]: Random Lighting Updates: false
[17:49:19] [Server thread/INFO]: Tile Max Tick Time: 50ms Entity max Tick Time: 50ms
[17:49:19] [Server thread/INFO]: Structure Info Saving: true
[17:49:19] [Server thread/INFO]: Entity Tracking Range: Pl 48 / An 48 / Mo 48 / Mi 32 / Other 64
[17:49:19] [Server thread/INFO]: Hopper Transfer: 8 Hopper Check: 8 Hopper Amount: 1
[17:49:19] [Server thread/INFO]: Max TNT Explosions: 100
[17:49:19] [Server thread/INFO]: -------- World Settings For [world_nether] --------
[17:49:19] [Server thread/INFO]: Arrow Despawn Rate: 1200
[17:49:19] [Server thread/INFO]: Item Merge Radius: 2.5
[17:49:19] [Server thread/INFO]: Item Despawn Rate: 6000
[17:49:19] [Server thread/INFO]: Allow Zombie Pigmen to spawn from portal blocks: true
[17:49:19] [Server thread/INFO]: Max Entity Collisions: 8
[17:49:19] [Server thread/INFO]: Custom Map Seeds:  Village: 10387312 Feature: 14357617
[17:49:19] [Server thread/INFO]: View Distance: 10
[17:49:19] [Server thread/INFO]: Experience Merge Radius: 3.0
[17:49:19] [Server thread/INFO]: Zombie Aggressive Towards Villager: true
[17:49:19] [Server thread/INFO]: Mob Spawn Range: 4
[17:49:19] [Server thread/INFO]: Cactus Growth Modifier: 100%
[17:49:19] [Server thread/INFO]: Cane Growth Modifier: 100%
[17:49:19] [Server thread/INFO]: Melon Growth Modifier: 100%
[17:49:19] [Server thread/INFO]: Mushroom Growth Modifier: 100%
[17:49:19] [Server thread/INFO]: Pumpkin Growth Modifier: 100%
[17:49:19] [Server thread/INFO]: Sapling Growth Modifier: 100%
[17:49:19] [Server thread/INFO]: Wheat Growth Modifier: 100%
[17:49:19] [Server thread/INFO]: NetherWart Growth Modifier: 100%
[17:49:19] [Server thread/INFO]: Entity Activation Range: An 32 / Mo 32 / Mi 16
[17:49:19] [Server thread/INFO]: Nerfing mobs spawned from spawners: false
[17:49:19] [Server thread/INFO]: Random Lighting Updates: false
[17:49:19] [Server thread/INFO]: Tile Max Tick Time: 50ms Entity max Tick Time: 50ms
[17:49:19] [Server thread/INFO]: Structure Info Saving: true
[17:49:19] [Server thread/INFO]: Entity Tracking Range: Pl 48 / An 48 / Mo 48 / Mi 32 / Other 64
[17:49:19] [Server thread/INFO]: Hopper Transfer: 8 Hopper Check: 8 Hopper Amount: 1
[17:49:19] [Server thread/INFO]: Max TNT Explosions: 100
[17:49:19] [Server thread/INFO]: -------- World Settings For [world_the_end] --------
[17:49:19] [Server thread/INFO]: Arrow Despawn Rate: 1200
[17:49:19] [Server thread/INFO]: Item Merge Radius: 2.5
[17:49:19] [Server thread/INFO]: Item Despawn Rate: 6000
[17:49:19] [Server thread/INFO]: Allow Zombie Pigmen to spawn from portal blocks: true
[17:49:19] [Server thread/INFO]: Max Entity Collisions: 8
[17:49:19] [Server thread/INFO]: Custom Map Seeds:  Village: 10387312 Feature: 14357617
[17:49:19] [Server thread/INFO]: View Distance: 10
[17:49:19] [Server thread/INFO]: Experience Merge Radius: 3.0
[17:49:19] [Server thread/INFO]: Zombie Aggressive Towards Villager: true
[17:49:19] [Server thread/INFO]: Mob Spawn Range: 4
[17:49:19] [Server thread/INFO]: Cactus Growth Modifier: 100%
[17:49:19] [Server thread/INFO]: Cane Growth Modifier: 100%
[17:49:19] [Server thread/INFO]: Melon Growth Modifier: 100%
[17:49:19] [Server thread/INFO]: Mushroom Growth Modifier: 100%
[17:49:19] [Server thread/INFO]: Pumpkin Growth Modifier: 100%
[17:49:19] [Server thread/INFO]: Sapling Growth Modifier: 100%
[17:49:19] [Server thread/INFO]: Wheat Growth Modifier: 100%
[17:49:19] [Server thread/INFO]: NetherWart Growth Modifier: 100%
[17:49:19] [Server thread/INFO]: Entity Activation Range: An 32 / Mo 32 / Mi 16
[17:49:19] [Server thread/INFO]: Nerfing mobs spawned from spawners: false
[17:49:19] [Server thread/INFO]: Random Lighting Updates: false
[17:49:19] [Server thread/INFO]: Tile Max Tick Time: 50ms Entity max Tick Time: 50ms
[17:49:19] [Server thread/INFO]: Structure Info Saving: true
[17:49:19] [Server thread/INFO]: Entity Tracking Range: Pl 48 / An 48 / Mo 48 / Mi 32 / Other 64
[17:49:19] [Server thread/INFO]: Hopper Transfer: 8 Hopper Check: 8 Hopper Amount: 1
[17:49:19] [Server thread/INFO]: Max TNT Explosions: 100
[17:49:19] [Server thread/INFO]: Preparing start region for level 0 (Seed: -5916398333498628899)
[17:49:20] [Server thread/INFO]: Preparing spawn area: 9%
[17:49:21] [Server thread/INFO]: Preparing spawn area: 27%
[17:49:22] [Server thread/INFO]: Preparing spawn area: 46%
[17:49:23] [Server thread/INFO]: Preparing spawn area: 67%
[17:49:24] [Server thread/INFO]: Preparing spawn area: 83%
[17:49:25] [Server thread/INFO]: Preparing spawn area: 98%
[17:49:26] [Server thread/INFO]: Preparing start region for level 1 (Seed: -5916398333498628899)
[17:49:27] [Server thread/INFO]: Preparing spawn area: 21%
[17:49:28] [Server thread/INFO]: Preparing spawn area: 48%
[17:49:29] [Server thread/INFO]: Preparing spawn area: 73%
[17:49:29] [Server thread/INFO]: Preparing start region for level 2 (Seed: -5916398333498628899)
[17:49:30] [Server thread/INFO]: Preparing spawn area: 75%
[17:49:31] [Server thread/INFO]: [SetSpawn] Enabling SetSpawn v2.1
[17:49:31] [Server thread/INFO]: [RaspberryJuice] Enabling RaspberryJuice v1.7
[17:49:31] [Server thread/INFO]: [RaspberryJuice] ThreadListener Started
[17:49:31] [Server thread/INFO]: Server permissions file permissions.yml is empty, ignoring it
[17:49:31] [Server thread/INFO]: Done (11,964s)! For help, type "help" or "?"
[17:52:45] [User Authenticator #1/INFO]: UUID of player Max is ec19ab1a-9b54-3aea-9df0-2bad2896c38d
[17:52:45] [Server thread/INFO]: Max[/127.0.0.1:57873] logged in with entity id 1159 at ([world]-170.5, 70.0, 242.5)
[17:52:57] [Server thread/INFO]: Max has just earned the achievement [Taking Inventory]
[17:55:12] [Thread-9/INFO]: [RaspberryJuice] Starting input thread
[17:55:12] [Thread-8/INFO]: [RaspberryJuice] Opened connection to/127.0.0.1:57931.
[17:55:12] [Thread-10/INFO]: [RaspberryJuice] Starting output thread!
[17:56:46] [Thread-9/WARN]: java.net.SocketException: Connection reset
[17:56:46] [Thread-9/WARN]: 	at java.net.SocketInputStream.read(Unknown Source)
[17:56:46] [Thread-9/WARN]: 	at java.net.SocketInputStream.read(Unknown Source)
[17:56:46] [Thread-9/WARN]: 	at sun.nio.cs.StreamDecoder.readBytes(Unknown Source)
[17:56:46] [Thread-9/WARN]: 	at sun.nio.cs.StreamDecoder.implRead(Unknown Source)
[17:56:46] [Thread-9/WARN]: 	at sun.nio.cs.StreamDecoder.read(Unknown Source)
[17:56:46] [Thread-9/WARN]: 	at java.io.InputStreamReader.read(Unknown Source)
[17:56:46] [Thread-9/WARN]: 	at java.io.BufferedReader.fill(Unknown Source)
[17:56:46] [Thread-9/WARN]: 	at java.io.BufferedReader.readLine(Unknown Source)
[17:56:46] [Thread-9/WARN]: 	at java.io.BufferedReader.readLine(Unknown Source)
[17:56:46] [Thread-9/WARN]: 	at net.zhuoweizhang.raspberryjuice.RemoteSession$InputThread.run(RemoteSession.java:577)
[17:56:46] [Thread-9/WARN]: 	at java.lang.Thread.run(Unknown Source)
[17:56:46] [Server thread/INFO]: [RaspberryJuice] Closed connection to/127.0.0.1:57931.
